d:\infa_dysk_d\pwag\prodzekt\super_strzelanka\super_strzelanka\x64\debug\vc143.pdb
d:\infa_dysk_d\pwag\prodzekt\super_strzelanka\super_strzelanka\x64\debug\vc143.idb
d:\infa_dysk_d\pwag\prodzekt\super_strzelanka\super_strzelanka\x64\debug\modellistclass.obj
d:\infa_dysk_d\pwag\prodzekt\super_strzelanka\super_strzelanka\x64\debug\simplemodelclass.obj
d:\infa_dysk_d\pwag\prodzekt\super_strzelanka\super_strzelanka\x64\debug\playercollisionclass.obj
d:\infa_dysk_d\pwag\prodzekt\super_strzelanka\super_strzelanka\x64\debug\playerclass.obj
d:\infa_dysk_d\pwag\prodzekt\super_strzelanka\super_strzelanka\x64\debug\modeltoworldclass.obj
d:\infa_dysk_d\pwag\prodzekt\super_strzelanka\super_strzelanka\x64\debug\main.obj
d:\infa_dysk_d\pwag\prodzekt\super_strzelanka\super_strzelanka\x64\debug\lightshaderclass.obj
d:\infa_dysk_d\pwag\prodzekt\super_strzelanka\super_strzelanka\x64\debug\lightclass.obj
d:\infa_dysk_d\pwag\prodzekt\super_strzelanka\super_strzelanka\x64\debug\inputclass.obj
d:\infa_dysk_d\pwag\prodzekt\super_strzelanka\super_strzelanka\x64\debug\imodel.obj
d:\infa_dysk_d\pwag\prodzekt\super_strzelanka\super_strzelanka\x64\debug\graphicsclass.obj
d:\infa_dysk_d\pwag\prodzekt\super_strzelanka\super_strzelanka\x64\debug\frustumclass.obj
d:\infa_dysk_d\pwag\prodzekt\super_strzelanka\super_strzelanka\x64\debug\fontshaderclass.obj
d:\infa_dysk_d\pwag\prodzekt\super_strzelanka\super_strzelanka\x64\debug\fontclass.obj
d:\infa_dysk_d\pwag\prodzekt\super_strzelanka\super_strzelanka\x64\debug\enemymodelclass.obj
d:\infa_dysk_d\pwag\prodzekt\super_strzelanka\super_strzelanka\x64\debug\enemyclass.obj
d:\infa_dysk_d\pwag\prodzekt\super_strzelanka\super_strzelanka\x64\debug\debugdraw.obj
d:\infa_dysk_d\pwag\prodzekt\super_strzelanka\super_strzelanka\x64\debug\d3dclass.obj
d:\infa_dysk_d\pwag\prodzekt\super_strzelanka\super_strzelanka\x64\debug\cameraclass.obj
d:\infa_dysk_d\pwag\prodzekt\super_strzelanka\super_strzelanka\x64\debug\bboxcollisionclass.obj
d:\infa_dysk_d\pwag\prodzekt\super_strzelanka\super_strzelanka\x64\debug\wallclass.obj
d:\infa_dysk_d\pwag\prodzekt\super_strzelanka\super_strzelanka\x64\debug\timerclass.obj
d:\infa_dysk_d\pwag\prodzekt\super_strzelanka\super_strzelanka\x64\debug\textureclass.obj
d:\infa_dysk_d\pwag\prodzekt\super_strzelanka\super_strzelanka\x64\debug\textclass.obj
d:\infa_dysk_d\pwag\prodzekt\super_strzelanka\super_strzelanka\x64\debug\systemclass.obj
d:\infa_dysk_d\pwag\prodzekt\super_strzelanka\super_strzelanka\x64\debug\positionclass.obj
d:\infa_dysk_d\pwag\prodzekt\super_strzelanka\x64\debug\xapobaseredist.pdb
d:\infa_dysk_d\pwag\prodzekt\super_strzelanka\x64\debug\xaudio2_9redist.pdb
d:\infa_dysk_d\pwag\prodzekt\super_strzelanka\x64\debug\xaudio2_9redist.dll
d:\infa_dysk_d\pwag\prodzekt\super_strzelanka\x64\debug\super_strzelanka.exe
d:\infa_dysk_d\pwag\prodzekt\super_strzelanka\super_strzelanka\x64\debug\super_strzelanka.ilk
d:\infa_dysk_d\pwag\prodzekt\super_strzelanka\x64\debug\super_strzelanka.pdb
d:\infa_dysk_d\pwag\prodzekt\super_strzelanka\super_strzelanka\x64\debug\super_strzelanka.tlog\cl.command.1.tlog
d:\infa_dysk_d\pwag\prodzekt\super_strzelanka\super_strzelanka\x64\debug\super_strzelanka.tlog\cl.read.1.tlog
d:\infa_dysk_d\pwag\prodzekt\super_strzelanka\super_strzelanka\x64\debug\super_strzelanka.tlog\cl.write.1.tlog
d:\infa_dysk_d\pwag\prodzekt\super_strzelanka\super_strzelanka\x64\debug\super_strzelanka.tlog\copylocal.read.1u.tlog
d:\infa_dysk_d\pwag\prodzekt\super_strzelanka\super_strzelanka\x64\debug\super_strzelanka.tlog\copylocal.write.1u.tlog
d:\infa_dysk_d\pwag\prodzekt\super_strzelanka\super_strzelanka\x64\debug\super_strzelanka.tlog\link.command.1.tlog
d:\infa_dysk_d\pwag\prodzekt\super_strzelanka\super_strzelanka\x64\debug\super_strzelanka.tlog\link.read.1.tlog
d:\infa_dysk_d\pwag\prodzekt\super_strzelanka\super_strzelanka\x64\debug\super_strzelanka.tlog\link.write.1.tlog
